inputFile = ./input/card4_E_scheme.txt
R = 0.3
jet algorithm = antikt_algorithm
recombination scheme = E_scheme
List of given particles : {pt, eta, phi, mass} --> {px, py, pz, E}
nParticles = 7
particle 0 : { 100.000000 , -0.000000 , 0.000000 , 0.000000 } --> { 100.000000 , 0.000000 , 0.000000 , 100.000000 }
particle 1 : { 20.000000 , 0.300000 , 0.000000 , 0.000000 } --> { 20.000000 , 0.000000 , 6.090406 , 20.906770 }
particle 2 : { 20.000000 , 0.300000 , 0.000000 , 0.000000 } --> { 20.000000 , 0.000000 , 6.090406 , 20.906770 }
particle 3 : { 20.000000 , 0.300000 , 0.000000 , 0.000000 } --> { 20.000000 , 0.000000 , 6.090406 , 20.906770 }
particle 4 : { 20.000000 , 0.300000 , 0.000000 , 0.000000 } --> { 20.000000 , 0.000000 , 6.090406 , 20.906770 }
particle 5 : { 20.000000 , 0.300000 , 0.000000 , 0.000000 } --> { 20.000000 , 0.000000 , 6.090406 , 20.906770 }
particle 6 : { 5.000000 , 0.600000 , 0.000000 , 0.000000 } --> { 5.000000 , 0.000000 , 3.183268 , 5.927326 }
#--------------------------------------------------------------------------
#                         FastJet release 3.3.0
#                 M. Cacciari, G.P. Salam and G. Soyez                  
#     A software package for jet finding and analysis at colliders      
#                           http://fastjet.fr                           
#	                                                                      
# Please cite EPJC72(2012)1896 [arXiv:1111.6097] if you use this package
# for scientific work and optionally PLB641(2006)57 [hep-ph/0512210].   
#                                                                       
# FastJet is provided without warranty under the terms of the GNU GPLv2.
# It uses T. Chan's closest pair algorithm, S. Fortune's Voronoi code
# and 3rd party plugin jet algorithms. See COPYING file for details.
#--------------------------------------------------------------------------
Clustering with Longitudinally invariant anti-kt algorithm with R = 0.3 and E scheme recombination
List of clustered jets : {pt, eta, phi}
and their constituents : {pt, eta, phi, mass}
jet 0 : { 200.000000 , 0.151678 , 0.000000 }
    constituent 0 : { 100.000000 , 0.000000 , 0.000000 , 0.000000 }
    constituent 1 : { 20.000000 , 0.300000 , 0.000000 , 0.000000 }
    constituent 2 : { 20.000000 , 0.300000 , 0.000000 , 0.000000 }
    constituent 3 : { 20.000000 , 0.300000 , 0.000000 , 0.000000 }
    constituent 4 : { 20.000000 , 0.300000 , 0.000000 , 0.000000 }
    constituent 5 : { 20.000000 , 0.300000 , 0.000000 , 0.000000 }
jet 1 : { 5.000000 , 0.600000 , 0.000000 }
    constituent 0 : { 5.000000 , 0.600000 , 0.000000 , 0.000000 }
